#
# There is insufficient memory for the Java Runtime Environment to continue.
# Native memory allocation (malloc) failed to allocate 47185920 bytes for committing reserved memory.
# Possible reasons:
#   The system is out of physical RAM or swap space
#   In 32 bit mode, the process size limit was hit
# Possible solutions:
#   Reduce memory load on the system
#   Increase physical memory or swap space
#   Check if swap backing store is full
#   Use 64 bit Java on a 64 bit OS
#   Decrease Java heap size (-Xmx/-Xms)
#   Decrease number of Java threads
#   Decrease Java thread stack sizes (-Xss)
#   Set larger code cache with -XX:ReservedCodeCacheSize=
# This output file may be truncated or incomplete.
#
#  Out of Memory Error (os_linux.cpp:2827), pid=9681, tid=139807100679936
#
# JRE version: OpenJDK Runtime Environment (7.0_91-b02) (build 1.7.0_91-b02)
# Java VM: OpenJDK 64-Bit Server VM (24.91-b01 mixed mode linux-amd64 compressed oops)
# Derivative: IcedTea 2.6.3
# Distribution: Custom build (Wed Nov 18 11:18:35 UTC 2015)
# Failed to write core dump. Core dumps have been disabled. To enable core dumping, try "ulimit -c unlimited" before starting Java again
#

---------------  T H R E A D  ---------------

Current thread (0x00007f276c076000):  VMThread [stack: 0x00007f276082b000,0x00007f276092c000] [id=9692]

Stack: [0x00007f276082b000,0x00007f276092c000],  sp=0x00007f276092a4f0,  free space=1021k
Native frames: (J=compiled Java code, j=interpreted, Vv=VM code, C=native code)
V  [libjvm.so+0x9945a1]
V  [libjvm.so+0x48a63f]
V  [libjvm.so+0x80107b]
V  [libjvm.so+0x7fb4ee]
V  [libjvm.so+0x87192b]
V  [libjvm.so+0x873273]
V  [libjvm.so+0x86f4f8]
V  [libjvm.so+0x86f7dc]
V  [libjvm.so+0x824993]
V  [libjvm.so+0x996042]
V  [libjvm.so+0x99ad87]
V  [libjvm.so+0x998618]
V  [libjvm.so+0x99998f]
V  [libjvm.so+0x999e81]
V  [libjvm.so+0x7fdfb2]

VM_Operation (0x00007f275bbfa060): ParallelGCFailedAllocation, mode: safepoint, requested by thread 0x00007f276c140800


---------------  P R O C E S S  ---------------

Java Threads: ( => current thread )
  0x00007f276c143000 JavaThread "pool-1-thread-4" [_thread_blocked, id=9705, stack(0x00007f275b9fa000,0x00007f275bafb000)]
  0x00007f276c140800 JavaThread "pool-1-thread-3" [_thread_blocked, id=9704, stack(0x00007f275bafb000,0x00007f275bbfc000)]
  0x00007f276c13f000 JavaThread "pool-1-thread-2" [_thread_blocked, id=9703, stack(0x00007f275bbfc000,0x00007f275bcfd000)]
  0x00007f276c13c000 JavaThread "pool-2-thread-1" [_thread_blocked, id=9702, stack(0x00007f275bcfd000,0x00007f275bdfe000)]
  0x00007f276c138800 JavaThread "pool-1-thread-1" [_thread_blocked, id=9701, stack(0x00007f275bdfe000,0x00007f275beff000)]
  0x00007f276c0af000 JavaThread "Service Thread" daemon [_thread_blocked, id=9699, stack(0x00007f2760097000,0x00007f2760198000)]
  0x00007f276c0ac800 JavaThread "C2 CompilerThread1" daemon [_thread_blocked, id=9698, stack(0x00007f2760198000,0x00007f2760299000)]
  0x00007f276c0a9800 JavaThread "C2 CompilerThread0" daemon [_thread_blocked, id=9697, stack(0x00007f2760299000,0x00007f276039a000)]
  0x00007f276c0a7800 JavaThread "Signal Dispatcher" daemon [_thread_blocked, id=9696, stack(0x00007f276039a000,0x00007f276049b000)]
  0x00007f276c07c800 JavaThread "Finalizer" daemon [_thread_blocked, id=9694, stack(0x00007f2760629000,0x00007f276072a000)]
  0x00007f276c07a800 JavaThread "Reference Handler" daemon [_thread_blocked, id=9693, stack(0x00007f276072a000,0x00007f276082b000)]
  0x00007f276c00a800 JavaThread "main" [_thread_blocked, id=9686, stack(0x00007f2772955000,0x00007f2772a56000)]

Other Threads:
=>0x00007f276c076000 VMThread [stack: 0x00007f276082b000,0x00007f276092c000] [id=9692]
  0x00007f276c0b1800 WatcherThread [stack: 0x00007f275beff000,0x00007f275c000000] [id=9700]

VM state:at safepoint (normal execution)

VM Mutex/Monitor currently owned by a thread:  ([mutex/lock_event])
[0x00007f276c008660] Threads_lock - owner thread: 0x00007f276c076000
[0x00007f276c008b60] Heap_lock - owner thread: 0x00007f276c140800

Heap
 PSYoungGen      total 33280K, used 2550K [0x00000000eaa80000, 0x00000000ecd80000, 0x0000000100000000)
  eden space 30720K, 0% used [0x00000000eaa80000,0x00000000eaa80000,0x00000000ec880000)
  from space 2560K, 99% used [0x00000000ec880000,0x00000000ecafd878,0x00000000ecb00000)
  to   space 2560K, 0% used [0x00000000ecb00000,0x00000000ecb00000,0x00000000ecd80000)
 ParOldGen       total 39936K, used 20449K [0x00000000c0000000, 0x00000000c2700000, 0x00000000eaa80000)
  object space 39936K, 51% used [0x00000000c0000000,0x00000000c13f87d8,0x00000000c2700000)
 PSPermGen       total 21504K, used 5658K [0x00000000b5a00000, 0x00000000b6f00000, 0x00000000c0000000)
  object space 21504K, 26% used [0x00000000b5a00000,0x00000000b5f86b20,0x00000000b6f00000)

Card table byte_map: [0x00007f2768765000,0x00007f27689b9000] byte_map_base: 0x00007f27681b8000

Polling page: 0x00007f2772a8b000

Code Cache  [0x00007f27689b9000, 0x00007f2768c29000, 0x00007f276b9b9000)
 total_blobs=493 nmethods=281 adapters=166 free_code_cache=48010Kb largest_free_block=49120512

Compilation events (10 events):
Event: 3.012 Thread 0x00007f276c0a9800 nmethod 277 0x00007f2768abf510 code [0x00007f2768abf700, 0x00007f2768ac0018]
Event: 3.012 Thread 0x00007f276c0a9800  278             com.android.dx.rop.code.BasicBlockList$RegCountVisitor::processReg (19 bytes)
Event: 3.013 Thread 0x00007f276c0a9800 nmethod 278 0x00007f2768ac0d50 code [0x00007f2768ac0ea0, 0x00007f2768ac0f98]
Event: 3.013 Thread 0x00007f276c0a9800  279             com.android.dx.rop.code.RegisterSpec::getNextReg (10 bytes)
Event: 3.014 Thread 0x00007f276c0a9800 nmethod 279 0x00007f2768abf190 code [0x00007f2768abf2e0, 0x00007f2768abf3b8]
Event: 3.014 Thread 0x00007f276c0a9800  280             com.android.dx.ssa.SsaBasicBlock::newFromRop (183 bytes)
Event: 3.063 Thread 0x00007f276c0a9800 nmethod 280 0x00007f2768add810 code [0x00007f2768addb00, 0x00007f2768adf220]
Event: 3.063 Thread 0x00007f276c0a9800  281             com.android.dx.rop.code.RopMethod::getBlocks (5 bytes)
Event: 3.063 Thread 0x00007f276c0a9800 nmethod 281 0x00007f2768ac0b50 code [0x00007f2768ac0c80, 0x00007f2768ac0cd8]
Event: 3.063 Thread 0x00007f276c0a9800  282             com.android.dx.ssa.SCCP::simulateBlock (54 bytes)

GC Heap History (9 events):
Event: 1.590 GC heap before
{Heap before GC invocations=1 (full 0):
 PSYoungGen      total 17920K, used 15360K [0x00000000eaa80000, 0x00000000ebe80000, 0x0000000100000000)
  eden space 15360K, 100% used [0x00000000eaa80000,0x00000000eb980000,0x00000000eb980000)
  from space 2560K, 0% used [0x00000000ebc00000,0x00000000ebc00000,0x00000000ebe80000)
  to   space 2560K, 0% used [0x00000000eb980000,0x00000000eb980000,0x00000000ebc00000)
 ParOldGen       total 39936K, used 0K [0x00000000c0000000, 0x00000000c2700000, 0x00000000eaa80000)
  object space 39936K, 0% used [0x00000000c0000000,0x00000000c0000000,0x00000000c2700000)
 PSPermGen       total 21504K, used 5338K [0x00000000b5a00000, 0x00000000b6f00000, 0x00000000c0000000)
  object space 21504K, 24% used [0x00000000b5a00000,0x00000000b5f36a58,0x00000000b6f00000)
Event: 1.600 GC heap after
Heap after GC invocations=1 (full 0):
 PSYoungGen      total 17920K, used 2553K [0x00000000eaa80000, 0x00000000ebe80000, 0x0000000100000000)
  eden space 15360K, 0% used [0x00000000eaa80000,0x00000000eaa80000,0x00000000eb980000)
  from space 2560K, 99% used [0x00000000eb980000,0x00000000ebbfe640,0x00000000ebc00000)
  to   space 2560K, 0% used [0x00000000ebc00000,0x00000000ebc00000,0x00000000ebe80000)
 ParOldGen       total 39936K, used 2431K [0x00000000c0000000, 0x00000000c2700000, 0x00000000eaa80000)
  object space 39936K, 6% used [0x00000000c0000000,0x00000000c025fcc8,0x00000000c2700000)
 PSPermGen       total 21504K, used 5338K [0x00000000b5a00000, 0x00000000b6f00000, 0x00000000c0000000)
  object space 21504K, 24% used [0x00000000b5a00000,0x00000000b5f36a58,0x00000000b6f00000)
}
Event: 1.895 GC heap before
{Heap before GC invocations=2 (full 0):
 PSYoungGen      total 17920K, used 17913K [0x00000000eaa80000, 0x00000000ebe80000, 0x0000000100000000)
  eden space 15360K, 100% used [0x00000000eaa80000,0x00000000eb980000,0x00000000eb980000)
  from space 2560K, 99% used [0x00000000eb980000,0x00000000ebbfe640,0x00000000ebc00000)
  to   space 2560K, 0% used [0x00000000ebc00000,0x00000000ebc00000,0x00000000ebe80000)
 ParOldGen       total 39936K, used 2431K [0x00000000c0000000, 0x00000000c2700000, 0x00000000eaa80000)
  object space 39936K, 6% used [0x00000000c0000000,0x00000000c025fcc8,0x00000000c2700000)
 PSPermGen       total 21504K, used 5544K [0x00000000b5a00000, 0x00000000b6f00000, 0x00000000c0000000)
  object space 21504K, 25% used [0x00000000b5a00000,0x00000000b5f6a0f8,0x00000000b6f00000)
Event: 1.906 GC heap after
Heap after GC invocations=2 (full 0):
 PSYoungGen      total 17920K, used 2544K [0x00000000eaa80000, 0x00000000ecd80000, 0x0000000100000000)
  eden space 15360K, 0% used [0x00000000eaa80000,0x00000000eaa80000,0x00000000eb980000)
  from space 2560K, 99% used [0x00000000ebc00000,0x00000000ebe7c398,0x00000000ebe80000)
  to   space 2560K, 0% used [0x00000000eb980000,0x00000000eb980000,0x00000000ebc00000)
 ParOldGen       total 39936K, used 4504K [0x00000000c0000000, 0x00000000c2700000, 0x00000000eaa80000)
  object space 39936K, 11% used [0x00000000c0000000,0x00000000c0466040,0x00000000c2700000)
 PSPermGen       total 21504K, used 5544K [0x00000000b5a00000, 0x00000000b6f00000, 0x00000000c0000000)
  object space 21504K, 25% used [0x00000000b5a00000,0x00000000b5f6a0f8,0x00000000b6f00000)
}
Event: 2.134 GC heap before
{Heap before GC invocations=3 (full 0):
 PSYoungGen      total 17920K, used 17904K [0x00000000eaa80000, 0x00000000ecd80000, 0x0000000100000000)
  eden space 15360K, 100% used [0x00000000eaa80000,0x00000000eb980000,0x00000000eb980000)
  from space 2560K, 99% used [0x00000000ebc00000,0x00000000ebe7c398,0x00000000ebe80000)
  to   space 2560K, 0% used [0x00000000eb980000,0x00000000eb980000,0x00000000ebc00000)
 ParOldGen       total 39936K, used 4504K [0x00000000c0000000, 0x00000000c2700000, 0x00000000eaa80000)
  object space 39936K, 11% used [0x00000000c0000000,0x00000000c0466040,0x00000000c2700000)
 PSPermGen       total 21504K, used 5617K [0x00000000b5a00000, 0x00000000b6f00000, 0x00000000c0000000)
  object space 21504K, 26% used [0x00000000b5a00000,0x00000000b5f7c4e8,0x00000000b6f00000)
Event: 2.146 GC heap after
Heap after GC invocations=3 (full 0):
 PSYoungGen      total 17920K, used 2557K [0x00000000eaa80000, 0x00000000ecd80000, 0x0000000100000000)
  eden space 15360K, 0% used [0x00000000eaa80000,0x00000000eaa80000,0x00000000eb980000)
  from space 2560K, 99% used [0x00000000eb980000,0x00000000ebbff5f0,0x00000000ebc00000)
  to   space 2560K, 0% used [0x00000000ecb00000,0x00000000ecb00000,0x00000000ecd80000)
 ParOldGen       total 39936K, used 8700K [0x00000000c0000000, 0x00000000c2700000, 0x00000000eaa80000)
  object space 39936K, 21% used [0x00000000c0000000,0x00000000c087f3a8,0x00000000c2700000)
 PSPermGen       total 21504K, used 5617K [0x00000000b5a00000, 0x00000000b6f00000, 0x00000000c0000000)
  object space 21504K, 26% used [0x00000000b5a00000,0x00000000b5f7c4e8,0x00000000b6f00000)
}
Event: 2.415 GC heap before
{Heap before GC invocations=4 (full 0):
 PSYoungGen      total 17920K, used 17917K [0x00000000eaa80000, 0x00000000ecd80000, 0x0000000100000000)
  eden space 15360K, 100% used [0x00000000eaa80000,0x00000000eb980000,0x00000000eb980000)
  from space 2560K, 99% used [0x00000000eb980000,0x00000000ebbff5f0,0x00000000ebc00000)
  to   space 2560K, 0% used [0x00000000ecb00000,0x00000000ecb00000,0x00000000ecd80000)
 ParOldGen       total 39936K, used 8700K [0x00000000c0000000, 0x00000000c2700000, 0x00000000eaa80000)
  object space 39936K, 21% used [0x00000000c0000000,0x00000000c087f3a8,0x00000000c2700000)
 PSPermGen       total 21504K, used 5636K [0x00000000b5a00000, 0x00000000b6f00000, 0x00000000c0000000)
  object space 21504K, 26% used [0x00000000b5a00000,0x00000000b5f810d8,0x00000000b6f00000)
Event: 2.431 GC heap after
Heap after GC invocations=4 (full 0):
 PSYoungGen      total 33280K, used 2535K [0x00000000eaa80000, 0x00000000ecd80000, 0x0000000100000000)
  eden space 30720K, 0% used [0x00000000eaa80000,0x00000000eaa80000,0x00000000ec880000)
  from space 2560K, 99% used [0x00000000ecb00000,0x00000000ecd79d70,0x00000000ecd80000)
  to   space 2560K, 0% used [0x00000000ec880000,0x00000000ec880000,0x00000000ecb00000)
 ParOldGen       total 39936K, used 13064K [0x00000000c0000000, 0x00000000c2700000, 0x00000000eaa80000)
  object space 39936K, 32% used [0x00000000c0000000,0x00000000c0cc2200,0x00000000c2700000)
 PSPermGen       total 21504K, used 5636K [0x00000000b5a00000, 0x00000000b6f00000, 0x00000000c0000000)
  object space 21504K, 26% used [0x00000000b5a00000,0x00000000b5f810d8,0x00000000b6f00000)
}
Event: 3.068 GC heap before
{Heap before GC invocations=5 (full 0):
 PSYoungGen      total 33280K, used 33255K [0x00000000eaa80000, 0x00000000ecd80000, 0x0000000100000000)
  eden space 30720K, 100% used [0x00000000eaa80000,0x00000000ec880000,0x00000000ec880000)
  from space 2560K, 99% used [0x00000000ecb00000,0x00000000ecd79d70,0x00000000ecd80000)
  to   space 2560K, 0% used [0x00000000ec880000,0x00000000ec880000,0x00000000ecb00000)
 ParOldGen       total 39936K, used 13064K [0x00000000c0000000, 0x00000000c2700000, 0x00000000eaa80000)
  object space 39936K, 32% used [0x00000000c0000000,0x00000000c0cc2200,0x00000000c2700000)
 PSPermGen       total 21504K, used 5658K [0x00000000b5a00000, 0x00000000b6f00000, 0x00000000c0000000)
  object space 21504K, 26% used [0x00000000b5a00000,0x00000000b5f86b20,0x00000000b6f00000)

Deoptimization events (10 events):
Event: 2.066 Thread 0x00007f276c143000 Uncommon trap: reason=unstable_if action=reinterpret pc=0x00007f2768a20084 method=com.android.dx.rop.cst.Constant.compareTo(Lcom/android/dx/rop/cst/Constant;)I @ 12
Event: 2.175 Thread 0x00007f276c00a800 Uncommon trap: reason=null_check action=make_not_entrant pc=0x00007f2768a6fa30 method=com.android.dx.ssa.SsaRenamer.getLocalForNewReg(I)Lcom/android/dx/rop/code/LocalItem; @ 19
Event: 2.175 Thread 0x00007f276c00a800 Uncommon trap: reason=null_check action=make_not_entrant pc=0x00007f2768a7d5e0 method=com.android.dx.ssa.SsaRenamer.getLocalForNewReg(I)Lcom/android/dx/rop/code/LocalItem; @ 19
Event: 2.177 Thread 0x00007f276c138800 Uncommon trap: reason=class_check action=maybe_recompile pc=0x00007f2768a5c8b8 method=java.util.HashMap.put(Ljava/lang/Object;Ljava/lang/Object;)Ljava/lang/Object; @ 83
Event: 2.277 Thread 0x00007f276c138800 Uncommon trap: reason=class_check action=maybe_recompile pc=0x00007f2768a5c8b8 method=java.util.HashMap.put(Ljava/lang/Object;Ljava/lang/Object;)Ljava/lang/Object; @ 83
Event: 2.277 Thread 0x00007f276c138800 Uncommon trap: reason=class_check action=maybe_recompile pc=0x00007f2768a5c8b8 method=java.util.HashMap.put(Ljava/lang/Object;Ljava/lang/Object;)Ljava/lang/Object; @ 83
Event: 2.277 Thread 0x00007f276c138800 Uncommon trap: reason=class_check action=maybe_recompile pc=0x00007f2768a5c8b8 method=java.util.HashMap.put(Ljava/lang/Object;Ljava/lang/Object;)Ljava/lang/Object; @ 83
Event: 2.382 Thread 0x00007f276c00a800 Uncommon trap: reason=unstable_if action=reinterpret pc=0x00007f2768aa26bc method=com.android.dx.ssa.LocalVariableExtractor.processBlock(I)V @ 251
Event: 2.395 Thread 0x00007f276c143000 Uncommon trap: reason=unstable_if action=reinterpret pc=0x00007f2768a5edd8 method=com.android.dx.ssa.SsaRenamer$BlockRenamer.addMapping(ILcom/android/dx/rop/code/RegisterSpec;)V @ 120
Event: 2.401 Thread 0x00007f276c00a800 Uncommon trap: reason=unstable_if action=reinterpret pc=0x00007f2768a8fea4 method=java.util.BitSet.clone()Ljava/lang/Object; @ 4

Internal exceptions (10 events):
Event: 1.637 Thread 0x00007f276c13f000 Threw 0x00000000eab868f0 at /build/java7-openjdk/src/icedtea-2.6.3/openjdk/hotspot/src/share/vm/prims/jvm.cpp:1322
Event: 1.645 Thread 0x00007f276c138800 Threw 0x00000000eac950b0 at /build/java7-openjdk/src/icedtea-2.6.3/openjdk/hotspot/src/share/vm/prims/jvm.cpp:1322
Event: 1.715 Thread 0x00007f276c00a800 Implicit null exception at 0x00007f2768a58167 to 0x00007f2768a588dd
Event: 1.812 Thread 0x00007f276c13f000 Threw 0x00000000eb4794a0 at /build/java7-openjdk/src/icedtea-2.6.3/openjdk/hotspot/src/share/vm/prims/jvm.cpp:1322
Event: 1.976 Thread 0x00007f276c138800 Implicit null exception at 0x00007f2768a5d652 to 0x00007f2768a5d743
Event: 2.116 Thread 0x00007f276c138800 Threw 0x00000000eb6d33b0 at /build/java7-openjdk/src/icedtea-2.6.3/openjdk/hotspot/src/share/vm/prims/jvm.cpp:1322
Event: 2.121 Thread 0x00007f276c00a800 Threw 0x00000000eb83b2a8 at /build/java7-openjdk/src/icedtea-2.6.3/openjdk/hotspot/src/share/vm/prims/jvm.cpp:1322
Event: 2.165 Thread 0x00007f276c00a800 Implicit null exception at 0x00007f2768a6e750 to 0x00007f2768a6fa01
Event: 2.175 Thread 0x00007f276c00a800 Implicit null exception at 0x00007f2768a7cb76 to 0x00007f2768a7d5c9
Event: 2.799 Thread 0x00007f276c143000 Threw 0x00000000ebd8ac28 at /build/java7-openjdk/src/icedtea-2.6.3/openjdk/hotspot/src/share/vm/prims/jvm.cpp:1322

Events (10 events):
Event: 2.395 Thread 0x00007f276c143000 DEOPT PACKING pc=0x00007f2768a5edd8 sp=0x00007f275baf8fa0
Event: 2.395 Thread 0x00007f276c143000 DEOPT UNPACKING pc=0x00007f27689f2045 sp=0x00007f275baf8f68 mode 2
Event: 2.401 Thread 0x00007f276c00a800 Uncommon trap: trap_request=0xffffff75 fr.pc=0x00007f2768a8fea4
Event: 2.401 Thread 0x00007f276c00a800 DEOPT PACKING pc=0x00007f2768a8fea4 sp=0x00007f2772a534e0
Event: 2.401 Thread 0x00007f276c00a800 DEOPT UNPACKING pc=0x00007f27689f2045 sp=0x00007f2772a533e8 mode 2
Event: 2.413 Executing VM operation: ParallelGCFailedAllocation
Event: 2.431 Executing VM operation: ParallelGCFailedAllocation done
Event: 2.799 loading class 0x00007f273000c5c0
Event: 2.799 loading class 0x00007f273000c5c0 done
Event: 3.067 Executing VM operation: ParallelGCFailedAllocation


Dynamic libraries:
00400000-00401000 r-xp 00000000 08:03 2635341                            /usr/lib/jvm/java-7-openjdk/jre/bin/java
00600000-00601000 rw-p 00000000 08:03 2635341                            /usr/lib/jvm/java-7-openjdk/jre/bin/java
008b7000-008d8000 rw-p 00000000 00:00 0                                  [heap]
b5a00000-b6f00000 rw-p 00000000 00:00 0 
b6f00000-c0000000 rw-p 00000000 00:00 0 
c0000000-c2700000 rw-p 00000000 00:00 0 
c2700000-eaa80000 rw-p 00000000 00:00 0 
eaa80000-ecd80000 rw-p 00000000 00:00 0 
efa80000-100000000 rw-p 00000000 00:00 0 
7f271c000000-7f271c025000 rw-p 00000000 00:00 0 
7f271c025000-7f2720000000 ---p 00000000 00:00 0 
7f2720000000-7f272004c000 rw-p 00000000 00:00 0 
7f272004c000-7f2724000000 ---p 00000000 00:00 0 
7f2724000000-7f2724021000 rw-p 00000000 00:00 0 
7f2724021000-7f2728000000 ---p 00000000 00:00 0 
7f2728000000-7f2728021000 rw-p 00000000 00:00 0 
7f2728021000-7f272c000000 ---p 00000000 00:00 0 
7f272c000000-7f272c021000 rw-p 00000000 00:00 0 
7f272c021000-7f2730000000 ---p 00000000 00:00 0 
7f2730000000-7f273002f000 rw-p 00000000 00:00 0 
7f273002f000-7f2734000000 ---p 00000000 00:00 0 
7f2734000000-7f27351b0000 rw-p 00000000 00:00 0 
7f27351b0000-7f2738000000 ---p 00000000 00:00 0 
7f2738000000-7f2738021000 rw-p 00000000 00:00 0 
7f2738021000-7f273c000000 ---p 00000000 00:00 0 
7f273c000000-7f273c021000 rw-p 00000000 00:00 0 
7f273c021000-7f2740000000 ---p 00000000 00:00 0 
7f2740000000-7f2740985000 rw-p 00000000 00:00 0 
7f2740985000-7f2744000000 ---p 00000000 00:00 0 
7f2744000000-7f2744021000 rw-p 00000000 00:00 0 
7f2744021000-7f2748000000 ---p 00000000 00:00 0 
7f2748000000-7f2748021000 rw-p 00000000 00:00 0 
7f2748021000-7f274c000000 ---p 00000000 00:00 0 
7f274c000000-7f274c021000 rw-p 00000000 00:00 0 
7f274c021000-7f2750000000 ---p 00000000 00:00 0 
7f2750000000-7f2750021000 rw-p 00000000 00:00 0 
7f2750021000-7f2754000000 ---p 00000000 00:00 0 
7f2754000000-7f2754021000 rw-p 00000000 00:00 0 
7f2754021000-7f2758000000 ---p 00000000 00:00 0 
7f275b9fa000-7f275b9fd000 ---p 00000000 00:00 0 
7f275b9fd000-7f275bafb000 rw-p 00000000 00:00 0                          [stack:9705]
7f275bafb000-7f275bafe000 ---p 00000000 00:00 0 
7f275bafe000-7f275bbfc000 rw-p 00000000 00:00 0                          [stack:9704]
7f275bbfc000-7f275bbff000 ---p 00000000 00:00 0 
7f275bbff000-7f275bcfd000 rw-p 00000000 00:00 0                          [stack:9703]
7f275bcfd000-7f275bd00000 ---p 00000000 00:00 0 
7f275bd00000-7f275bdfe000 rw-p 00000000 00:00 0                          [stack:9702]
7f275bdfe000-7f275be01000 ---p 00000000 00:00 0 
7f275be01000-7f275beff000 rw-p 00000000 00:00 0                          [stack:9701]
7f275beff000-7f275bf00000 ---p 00000000 00:00 0 
7f275bf00000-7f275c000000 rw-p 00000000 00:00 0                          [stack:9700]
7f275c000000-7f275c021000 rw-p 00000000 00:00 0 
7f275c021000-7f2760000000 ---p 00000000 00:00 0 
7f2760097000-7f276009a000 ---p 00000000 00:00 0 
7f276009a000-7f2760198000 rw-p 00000000 00:00 0                          [stack:9699]
7f2760198000-7f276019b000 ---p 00000000 00:00 0 
7f276019b000-7f2760299000 rw-p 00000000 00:00 0                          [stack:9698]
7f2760299000-7f276029c000 ---p 00000000 00:00 0 
7f276029c000-7f276039a000 rw-p 00000000 00:00 0                          [stack:9697]
7f276039a000-7f276039d000 ---p 00000000 00:00 0 
7f276039d000-7f276049b000 rw-p 00000000 00:00 0                          [stack:9696]
7f276049b000-7f2760629000 r--p 00000000 08:03 1594432                    /usr/lib/locale/locale-archive
7f2760629000-7f276062c000 ---p 00000000 00:00 0 
7f276062c000-7f276072a000 rw-p 00000000 00:00 0                          [stack:9694]
7f276072a000-7f276072d000 ---p 00000000 00:00 0 
7f276072d000-7f276082b000 rw-p 00000000 00:00 0                          [stack:9693]
7f276082b000-7f276082c000 ---p 00000000 00:00 0 
7f276082c000-7f2764000000 rw-p 00000000 00:00 0                          [stack:9692]
7f2764000000-7f2764021000 rw-p 00000000 00:00 0 
7f2764021000-7f2768000000 ---p 00000000 00:00 0 
7f276800a000-7f27680b6000 rw-p 00000000 00:00 0 
7f27680b6000-7f2768268000 r--s 01d2e000 08:03 2633625                    /usr/lib/jvm/java-7-openjdk/jre/lib/rt.jar
7f2768268000-7f2768361000 rw-p 00000000 00:00 0 
7f2768361000-7f2768362000 ---p 00000000 00:00 0 
7f2768362000-7f2768462000 rw-p 00000000 00:00 0                          [stack:9690]
7f2768462000-7f2768463000 ---p 00000000 00:00 0 
7f2768463000-7f2768563000 rw-p 00000000 00:00 0                          [stack:9689]
7f2768563000-7f2768564000 ---p 00000000 00:00 0 
7f2768564000-7f2768664000 rw-p 00000000 00:00 0                          [stack:9688]
7f2768664000-7f2768665000 ---p 00000000 00:00 0 
7f2768665000-7f2768770000 rw-p 00000000 00:00 0                          [stack:9687]
7f2768770000-7f27687b8000 rw-p 00000000 00:00 0 
7f27687b8000-7f27687cc000 rw-p 00000000 00:00 0 
7f27687cc000-7f276890d000 rw-p 00000000 00:00 0 
7f276890d000-7f276891f000 rw-p 00000000 00:00 0 
7f276891f000-7f27689b8000 rw-p 00000000 00:00 0 
7f27689b8000-7f27689b9000 rw-p 00000000 00:00 0 
7f27689b9000-7f2768c29000 rwxp 00000000 00:00 0 
7f2768c29000-7f276b9b9000 rw-p 00000000 00:00 0 
7f276b9b9000-7f276b9c1000 r-xp 00000000 08:03 2755533                    /usr/lib/jvm/java-7-openjdk/jre/lib/amd64/libzip.so
7f276b9c1000-7f276bbc0000 ---p 00008000 08:03 2755533                    /usr/lib/jvm/java-7-openjdk/jre/lib/amd64/libzip.so
7f276bbc0000-7f276bbc1000 rw-p 00007000 08:03 2755533                    /usr/lib/jvm/java-7-openjdk/jre/lib/amd64/libzip.so
7f276bbc1000-7f276bbcc000 r-xp 00000000 08:03 1576099                    /usr/lib/libnss_files-2.22.so
7f276bbcc000-7f276bdcb000 ---p 0000b000 08:03 1576099                    /usr/lib/libnss_files-2.22.so
7f276bdcb000-7f276bdcc000 r--p 0000a000 08:03 1576099                    /usr/lib/libnss_files-2.22.so
7f276bdcc000-7f276bdcd000 rw-p 0000b000 08:03 1576099                    /usr/lib/libnss_files-2.22.so
7f276bdcd000-7f276bdd3000 rw-p 00000000 00:00 0 
7f276bdd3000-7f276bdfe000 r-xp 00000000 08:03 2755532                    /usr/lib/jvm/java-7-openjdk/jre/lib/amd64/libjava.so
7f276bdfe000-7f276bffe000 ---p 0002b000 08:03 2755532                    /usr/lib/jvm/java-7-openjdk/jre/lib/amd64/libjava.so
7f276bffe000-7f276c000000 rw-p 0002b000 08:03 2755532                    /usr/lib/jvm/java-7-openjdk/jre/lib/amd64/libjava.so
7f276c000000-7f276c1a2000 rw-p 00000000 00:00 0 
7f276c1a2000-7f2770000000 ---p 00000000 00:00 0 
7f2770001000-7f277000c000 rw-p 00000000 00:00 0 
7f277000c000-7f2770054000 rw-p 00000000 00:00 0 
7f2770054000-7f2770068000 rw-p 00000000 00:00 0 
7f2770068000-7f27701aa000 rw-p 00000000 00:00 0 
7f27701aa000-7f27701b7000 r-xp 00000000 08:03 2755531                    /usr/lib/jvm/java-7-openjdk/jre/lib/amd64/libverify.so
7f27701b7000-7f27703b6000 ---p 0000d000 08:03 2755531                    /usr/lib/jvm/java-7-openjdk/jre/lib/amd64/libverify.so
7f27703b6000-7f27703b8000 rw-p 0000c000 08:03 2755531                    /usr/lib/jvm/java-7-openjdk/jre/lib/amd64/libverify.so
7f27703b8000-7f27703bf000 r-xp 00000000 08:03 1576114                    /usr/lib/librt-2.22.so
7f27703bf000-7f27705be000 ---p 00007000 08:03 1576114                    /usr/lib/librt-2.22.so
7f27705be000-7f27705bf000 r--p 00006000 08:03 1576114                    /usr/lib/librt-2.22.so
7f27705bf000-7f27705c0000 rw-p 00007000 08:03 1576114                    /usr/lib/librt-2.22.so
7f27705c0000-7f27705d6000 r-xp 00000000 08:03 1576380                    /usr/lib/libgcc_s.so.1
7f27705d6000-7f27707d5000 ---p 00016000 08:03 1576380                    /usr/lib/libgcc_s.so.1
7f27707d5000-7f27707d6000 rw-p 00015000 08:03 1576380                    /usr/lib/libgcc_s.so.1
7f27707d6000-7f27708d3000 r-xp 00000000 08:03 1576109                    /usr/lib/libm-2.22.so
7f27708d3000-7f2770ad2000 ---p 000fd000 08:03 1576109                    /usr/lib/libm-2.22.so
7f2770ad2000-7f2770ad3000 r--p 000fc000 08:03 1576109                    /usr/lib/libm-2.22.so
7f2770ad3000-7f2770ad4000 rw-p 000fd000 08:03 1576109                    /usr/lib/libm-2.22.so
7f2770ad4000-7f2770c46000 r-xp 00000000 08:03 1576396                    /usr/lib/libstdc++.so.6.0.21
7f2770c46000-7f2770e46000 ---p 00172000 08:03 1576396                    /usr/lib/libstdc++.so.6.0.21
7f2770e46000-7f2770e50000 r--p 00172000 08:03 1576396                    /usr/lib/libstdc++.so.6.0.21
7f2770e50000-7f2770e52000 rw-p 0017c000 08:03 1576396                    /usr/lib/libstdc++.so.6.0.21
7f2770e52000-7f2770e56000 rw-p 00000000 00:00 0 
7f2770e56000-7f27719a6000 r-xp 00000000 08:03 2764837                    /usr/lib/jvm/java-7-openjdk/jre/lib/amd64/server/libjvm.so
7f27719a6000-7f2771ba5000 ---p 00b50000 08:03 2764837                    /usr/lib/jvm/java-7-openjdk/jre/lib/amd64/server/libjvm.so
7f2771ba5000-7f2771c59000 rw-p 00b4f000 08:03 2764837                    /usr/lib/jvm/java-7-openjdk/jre/lib/amd64/server/libjvm.so
7f2771c59000-7f2771c84000 rw-p 00000000 00:00 0 
7f2771c84000-7f2771c99000 r-xp 00000000 08:03 1579195                    /usr/lib/libz.so.1.2.8
7f2771c99000-7f2771e98000 ---p 00015000 08:03 1579195                    /usr/lib/libz.so.1.2.8
7f2771e98000-7f2771e99000 r--p 00014000 08:03 1579195                    /usr/lib/libz.so.1.2.8
7f2771e99000-7f2771e9a000 rw-p 00015000 08:03 1579195                    /usr/lib/libz.so.1.2.8
7f2771e9a000-7f2772035000 r-xp 00000000 08:03 1575978                    /usr/lib/libc-2.22.so
7f2772035000-7f2772234000 ---p 0019b000 08:03 1575978                    /usr/lib/libc-2.22.so
7f2772234000-7f2772238000 r--p 0019a000 08:03 1575978                    /usr/lib/libc-2.22.so
7f2772238000-7f277223a000 rw-p 0019e000 08:03 1575978                    /usr/lib/libc-2.22.so
7f277223a000-7f277223e000 rw-p 00000000 00:00 0 
7f277223e000-7f2772241000 r-xp 00000000 08:03 1576107                    /usr/lib/libdl-2.22.so
7f2772241000-7f2772440000 ---p 00003000 08:03 1576107                    /usr/lib/libdl-2.22.so
7f2772440000-7f2772441000 r--p 00002000 08:03 1576107                    /usr/lib/libdl-2.22.so
7f2772441000-7f2772442000 rw-p 00003000 08:03 1576107                    /usr/lib/libdl-2.22.so
7f2772442000-7f277244f000 r-xp 00000000 08:03 2764833                    /usr/lib/jvm/java-7-openjdk/jre/lib/amd64/jli/libjli.so
7f277244f000-7f277264e000 ---p 0000d000 08:03 2764833                    /usr/lib/jvm/java-7-openjdk/jre/lib/amd64/jli/libjli.so
7f277264e000-7f277264f000 rw-p 0000c000 08:03 2764833                    /usr/lib/jvm/java-7-openjdk/jre/lib/amd64/jli/libjli.so
7f277264f000-7f2772667000 r-xp 00000000 08:03 1575948                    /usr/lib/libpthread-2.22.so
7f2772667000-7f2772866000 ---p 00018000 08:03 1575948                    /usr/lib/libpthread-2.22.so
7f2772866000-7f2772867000 r--p 00017000 08:03 1575948                    /usr/lib/libpthread-2.22.so
7f2772867000-7f2772868000 rw-p 00018000 08:03 1575948                    /usr/lib/libpthread-2.22.so
7f2772868000-7f277286c000 rw-p 00000000 00:00 0 
7f277286c000-7f277288e000 r-xp 00000000 08:03 1575974                    /usr/lib/ld-2.22.so
7f2772895000-7f277289f000 rw-p 00000000 00:00 0 
7f277289f000-7f2772955000 rw-p 00000000 00:00 0 
7f2772955000-7f2772958000 ---p 00000000 00:00 0 
7f2772958000-7f2772a5b000 rw-p 00000000 00:00 0                          [stack:9686]
7f2772a5b000-7f2772a6a000 r--s 000df000 08:03 1051379                    /opt/android-sdk/build-tools/23.0.1/lib/dx.jar
7f2772a6a000-7f2772a82000 rw-p 00000000 00:00 0 
7f2772a82000-7f2772a8a000 rw-s 00000000 00:21 135077                     /tmp/hsperfdata_luiz/9681
7f2772a8a000-7f2772a8b000 rw-p 00000000 00:00 0 
7f2772a8b000-7f2772a8c000 ---p 00000000 00:00 0 
7f2772a8c000-7f2772a8d000 rw-p 00000000 00:00 0 
7f2772a8d000-7f2772a8e000 r--p 00021000 08:03 1575974                    /usr/lib/ld-2.22.so
7f2772a8e000-7f2772a8f000 rw-p 00022000 08:03 1575974                    /usr/lib/ld-2.22.so
7f2772a8f000-7f2772a90000 rw-p 00000000 00:00 0 
7ffe1beca000-7ffe1beec000 rw-p 00000000 00:00 0                          [stack]
7ffe1bff9000-7ffe1bffb000 r--p 00000000 00:00 0                          [vvar]
7ffe1bffb000-7ffe1bffd000 r-xp 00000000 00:00 0                          [vdso]
ffffffffff600000-ffffffffff601000 r-xp 00000000 00:00 0                  [vsyscall]

VM Arguments:
jvm_args: -Xmx1024M -Dfile.encoding=UTF-8 -Duser.country=US -Duser.language=en -Duser.variant 
java_command: com.android.dx.command.Main --dex --num-threads=4 --output /home/luiz/projects/android/ChuvinhaZ2/app/build/intermediates/dex/debug /home/luiz/projects/android/ChuvinhaZ2/app/build/intermediates/classes/debug /home/luiz/projects/android/ChuvinhaZ2/app/build/intermediates/pre-dexed/debug/support-annotations-23.1.0-d41efdc78caad0b96629ae0ef638ea52db411703.jar /home/luiz/projects/android/ChuvinhaZ2/app/build/intermediates/pre-dexed/debug/classes-50f848f89aa2de0e6202c21da55fdbe0e325b7f9.jar /home/luiz/projects/android/ChuvinhaZ2/app/build/intermediates/pre-dexed/debug/internal_impl-22.2.0-153e80681fd1dd0be9322a600d0413c183dcd4bf.jar /home/luiz/projects/android/ChuvinhaZ2/app/build/intermediates/pre-dexed/debug/classes-1e8d015edaac7a41f33be0f7639ac1a5bdbc33da.jar /home/luiz/projects/android/ChuvinhaZ2/app/build/intermediates/pre-dexed/debug/classes-d21d17888b2b3e157fda350adf47f5ad952545ea.jar /home/luiz/projects/android/ChuvinhaZ2/app/build/intermediates/pre-dexed/debug/classes-06fc395b2e0b3e40e127983ef81e2b0775078d52.jar /home/luiz/projects/android/ChuvinhaZ2/app/build/intermediates/pre-dexed/debug/classes-d93e69406ec29784f1600b3cd9e862376808d6f3.jar /home/luiz/projects/android/ChuvinhaZ2/app/build/intermediates/pre-dexed/debug/classes-349402c49937eddfdba63ebb54602298f43a58ff.jar /home/luiz/projects/android/ChuvinhaZ2/app/build/intermediates/pre-dexed/debug/classes-f09d79ef5279d988e78a07f9dbd1427f3b78bd6b.jar /home/luiz/projects/android/ChuvinhaZ2/app/build/intermediates/pre-dexed/debug/classes-c78df5689960dd6fe6ff3ecb46f6a38f58473fd7.jar /home/luiz/projects/android/ChuvinhaZ2/app/build/intermediates/pre-dexed/debug/classes-b268a3ae25d12fa4dc645ca12f2bf50c0475e9e6.jar /home/luiz/projects/android/ChuvinhaZ2/app/build/intermediates/pre-dexed/debug/classes-5963309b37885ef6132f540e073b8b38b015ee61.jar /home/luiz/projects/android/ChuvinhaZ2/app/build/intermediates/pre-dexed/debug/classes-b6a6bd2955cede0390bd82c9d6da081b45bb2471.jar /home/luiz/projects/android
Launcher Type: SUN_STANDARD

Environment Variables:
PATH=/usr/local/sbin:/usr/local/bin:/usr/bin:/opt/android-sdk/platform-tools:/opt/android-sdk/tools:/usr/lib/jvm/default/bin:/usr/bin/site_perl:/usr/bin/vendor_perl:/usr/bin/core_perl
USERNAME=luiz
LD_LIBRARY_PATH=/opt/android-studio/bin:
SHELL=/bin/bash
DISPLAY=:0

Signal Handlers:
SIGSEGV: [libjvm.so+0x995100], sa_mask[0]=0x7ffbfeff, sa_flags=0x10000004
SIGBUS: [libjvm.so+0x995100], sa_mask[0]=0x7ffbfeff, sa_flags=0x10000004
SIGFPE: [libjvm.so+0x7fc350], sa_mask[0]=0x7ffbfeff, sa_flags=0x10000004
SIGPIPE: [libjvm.so+0x7fc350], sa_mask[0]=0x7ffbfeff, sa_flags=0x10000004
SIGXFSZ: [libjvm.so+0x7fc350], sa_mask[0]=0x7ffbfeff, sa_flags=0x10000004
SIGILL: [libjvm.so+0x7fc350], sa_mask[0]=0x7ffbfeff, sa_flags=0x10000004
SIGUSR1: SIG_DFL, sa_mask[0]=0x00000000, sa_flags=0x00000000
SIGUSR2: [libjvm.so+0x7fc1d0], sa_mask[0]=0x00000004, sa_flags=0x10000004
SIGHUP: [libjvm.so+0x7fc360], sa_mask[0]=0x7ffbfeff, sa_flags=0x10000004
SIGINT: SIG_IGN, sa_mask[0]=0x00000000, sa_flags=0x00000000
SIGTERM: [libjvm.so+0x7fc360], sa_mask[0]=0x7ffbfeff, sa_flags=0x10000004
SIGQUIT: [libjvm.so+0x7fc360], sa_mask[0]=0x7ffbfeff, sa_flags=0x10000004
SIGTRAP: SIG_DFL, sa_mask[0]=0x00000000, sa_flags=0x00000000


---------------  S Y S T E M  ---------------

OS:Linux
uname:Linux 4.2.5-1-ARCH #1 SMP PREEMPT Tue Oct 27 08:13:28 CET 2015 x86_64
libc:glibc 2.22 NPTL 2.22 
rlimit: STACK 8192k, CORE 0k, NPROC 15011, NOFILE 4096, AS infinity
load average:3.61 0.98 0.49

/proc/meminfo:
MemTotal:        3848352 kB
MemFree:          396384 kB
MemAvailable:     450784 kB
Buffers:            1640 kB
Cached:           185908 kB
SwapCached:            0 kB
Active:          3142520 kB
Inactive:         178144 kB
Active(anon):    3137468 kB
Inactive(anon):   134576 kB
Active(file):       5052 kB
Inactive(file):    43568 kB
Unevictable:           0 kB
Mlocked:               0 kB
SwapTotal:             0 kB
SwapFree:              0 kB
Dirty:               116 kB
Writeback:           276 kB
AnonPages:       3133928 kB
Mapped:            48300 kB
Shmem:            138116 kB
Slab:              60124 kB
SReclaimable:      34784 kB
SUnreclaim:        25340 kB
KernelStack:        8384 kB
PageTables:        21596 kB
NFS_Unstable:          0 kB
Bounce:                0 kB
WritebackTmp:          0 kB
CommitLimit:     1924176 kB
Committed_AS:    5195232 kB
VmallocTotal:   34359738367 kB
VmallocUsed:      364108 kB
VmallocChunk:   34358947836 kB
HardwareCorrupted:     0 kB
AnonHugePages:   2033664 kB
HugePages_Total:       0
HugePages_Free:        0
HugePages_Rsvd:        0
HugePages_Surp:        0
Hugepagesize:       2048 kB
DirectMap4k:       79536 kB
DirectMap2M:     3909632 kB


CPU:total 4 (2 cores per cpu, 2 threads per core) family 6 model 37 stepping 5, cmov, cx8, fxsr, mmx, sse, sse2, sse3, ssse3, sse4.1, sse4.2, popcnt, aes, ht, tsc, tscinvbit

/proc/cpuinfo:
processor	: 0
vendor_id	: GenuineIntel
cpu family	: 6
model		: 37
model name	: Intel(R) Core(TM) i5 CPU         650  @ 3.20GHz
stepping	: 5
microcode	: 0x2
cpu MHz		: 3333.000
cache size	: 4096 KB
physical id	: 0
siblings	: 4
core id		: 0
cpu cores	: 2
apicid		: 0
initial apicid	: 0
fpu		: yes
fpu_exception	: yes
cpuid level	: 11
wp		: yes
flags		: fpu vme de pse tsc msr pae mce cx8 apic sep mtrr pge mca cmov pat pse36 clflush dts acpi mmx fxsr sse sse2 ss ht tm pbe syscall nx rdtscp lm constant_tsc arch_perfmon pebs bts rep_good nopl xtopology nonstop_tsc aperfmperf pni pclmulqdq dtes64 monitor ds_cpl vmx smx est tm2 ssse3 cx16 xtpr pdcm pcid sse4_1 sse4_2 popcnt aes lahf_lm ida arat dtherm tpr_shadow vnmi flexpriority ept vpid
bugs		:
bogomips	: 6387.92
clflush size	: 64
cache_alignment	: 64
address sizes	: 36 bits physical, 48 bits virtual
power management:

processor	: 1
vendor_id	: GenuineIntel
cpu family	: 6
model		: 37
model name	: Intel(R) Core(TM) i5 CPU         650  @ 3.20GHz
stepping	: 5
microcode	: 0x2
cpu MHz		: 1199.000
cache size	: 4096 KB
physical id	: 0
siblings	: 4
core id		: 0
cpu cores	: 2
apicid		: 1
initial apicid	: 1
fpu		: yes
fpu_exception	: yes
cpuid level	: 11
wp		: yes
flags		: fpu vme de pse tsc msr pae mce cx8 apic sep mtrr pge mca cmov pat pse36 clflush dts acpi mmx fxsr sse sse2 ss ht tm pbe syscall nx rdtscp lm constant_tsc arch_perfmon pebs bts rep_good nopl xtopology nonstop_tsc aperfmperf pni pclmulqdq dtes64 monitor ds_cpl vmx smx est tm2 ssse3 cx16 xtpr pdcm pcid sse4_1 sse4_2 popcnt aes lahf_lm ida arat dtherm tpr_shadow vnmi flexpriority ept vpid
bugs		:
bogomips	: 6387.92
clflush size	: 64
cache_alignment	: 64
address sizes	: 36 bits physical, 48 bits virtual
power management:

processor	: 2
vendor_id	: GenuineIntel
cpu family	: 6
model		: 37
model name	: Intel(R) Core(TM) i5 CPU         650  @ 3.20GHz
stepping	: 5
microcode	: 0x2
cpu MHz		: 1199.000
cache size	: 4096 KB
physical id	: 0
siblings	: 4
core id		: 2
cpu cores	: 2
apicid		: 4
initial apicid	: 4
fpu		: yes
fpu_exception	: yes
cpuid level	: 11
wp		: yes
flags		: fpu vme de pse tsc msr pae mce cx8 apic sep mtrr pge mca cmov pat pse36 clflush dts acpi mmx fxsr sse sse2 ss ht tm pbe syscall nx rdtscp lm constant_tsc arch_perfmon pebs bts rep_good nopl xtopology nonstop_tsc aperfmperf pni pclmulqdq dtes64 monitor ds_cpl vmx smx est tm2 ssse3 cx16 xtpr pdcm pcid sse4_1 sse4_2 popcnt aes lahf_lm ida arat dtherm tpr_shadow vnmi flexpriority ept vpid
bugs		:
bogomips	: 6387.92
clflush size	: 64
cache_alignment	: 64
address sizes	: 36 bits physical, 48 bits virtual
power management:

processor	: 3
vendor_id	: GenuineIntel
cpu family	: 6
model		: 37
model name	: Intel(R) Core(TM) i5 CPU         650  @ 3.20GHz
stepping	: 5
microcode	: 0x2
cpu MHz		: 3333.000
cache size	: 4096 KB
physical id	: 0
siblings	: 4
core id		: 2
cpu cores	: 2
apicid		: 5
initial apicid	: 5
fpu		: yes
fpu_exception	: yes
cpuid level	: 11
wp		: yes
flags		: fpu vme de pse tsc msr pae mce cx8 apic sep mtrr pge mca cmov pat pse36 clflush dts acpi mmx fxsr sse sse2 ss ht tm pbe syscall nx rdtscp lm constant_tsc arch_perfmon pebs bts rep_good nopl xtopology nonstop_tsc aperfmperf pni pclmulqdq dtes64 monitor ds_cpl vmx smx est tm2 ssse3 cx16 xtpr pdcm pcid sse4_1 sse4_2 popcnt aes lahf_lm ida arat dtherm tpr_shadow vnmi flexpriority ept vpid
bugs		:
bogomips	: 6387.92
clflush size	: 64
cache_alignment	: 64
address sizes	: 36 bits physical, 48 bits virtual
power management:



Memory: 4k page, physical 3848352k(396384k free), swap 0k(0k free)

vm_info: OpenJDK 64-Bit Server VM (24.91-b01) for linux-amd64 JRE (1.7.0_91-b02), built on Nov 18 2015 11:22:39 by "builduser" with gcc 5.2.0

time: Tue Nov 24 15:30:50 2015
elapsed time: 12 seconds

